<?xml version="1.0" encoding="utf-8"?><testsuites name="pytest tests"><testsuite name="pytest" errors="0" failures="11" skipped="0" tests="16" time="0.360" timestamp="2026-02-07T19:55:19.792442-06:00" hostname="HPROBOOK450"><testcase classname="tests.integration.test_pfms_generation.TestPFMSGenerationIntegration" name="test_core_package_import" time="0.002" /><testcase classname="tests.integration.test_pfms_generation.TestPFMSGenerationIntegration" name="test_hash_functionality" time="0.027"><failure message="ImportError: cannot import name 'hash_canonical_data' from 'govreg_core' (unknown location)">tests\integration\test_pfms_generation.py:30: in test_hash_functionality
    from govreg_core import hash_canonical_data
E   ImportError: cannot import name 'hash_canonical_data' from 'govreg_core' (unknown location)</failure></testcase><testcase classname="tests.integration.test_pfms_generation.TestPFMSFlowEndToEnd" name="test_pfms_data_hashing" time="0.001"><failure message="ImportError: cannot import name 'hash_canonical_data' from 'govreg_core' (unknown location)">tests\integration\test_pfms_generation.py:49: in test_pfms_data_hashing
    from govreg_core import hash_canonical_data
E   ImportError: cannot import name 'hash_canonical_data' from 'govreg_core' (unknown location)</failure></testcase><testcase classname="tests.integration.test_pfms_generation.TestPFMSFlowEndToEnd" name="test_geu_directory_exists" time="0.001" /><testcase classname="tests.integration.test_pfms_generation.TestFeatureFlags" name="test_feature_flags_functional" time="0.002"><failure message="ImportError: cannot import name 'get_feature_flags' from 'govreg_core' (unknown location)">tests\integration\test_pfms_generation.py:78: in test_feature_flags_functional
    from govreg_core import get_feature_flags, MigrationPhase, FeatureFlags
E   ImportError: cannot import name 'get_feature_flags' from 'govreg_core' (unknown location)</failure></testcase><testcase classname="tests.integration.test_pfms_generation.TestFeatureFlags" name="test_migration_phase_enum" time="0.001"><failure message="ImportError: cannot import name 'MigrationPhase' from 'govreg_core' (unknown location)">tests\integration\test_pfms_generation.py:86: in test_migration_phase_enum
    from govreg_core import MigrationPhase
E   ImportError: cannot import name 'MigrationPhase' from 'govreg_core' (unknown location)</failure></testcase><testcase classname="tests.integration.test_planning_flow.TestPlanningFlowIntegration" name="test_core_package_import" time="0.001"><failure message="AssertionError: Package should have version&#10;assert False&#10; +  where False = hasattr(&lt;module 'govreg_core' (namespace) from ['C:\\Users\\richg\\Gov_Reg\\govreg_core', 'C:\\Users\\richg\\Gov_Reg\\govreg_core', 'C:\\Users\\richg\\Gov_Reg\\govreg_core', 'C:\\Users\\richg\\Gov_Reg\\govreg_core']&gt;, '__version__')">tests\integration\test_planning_flow.py:24: in test_core_package_import
    assert hasattr(govreg_core, '__version__'), "Package should have version"
E   AssertionError: Package should have version
E   assert False
E    +  where False = hasattr(&lt;module 'govreg_core' (namespace) from ['C:\\Users\\richg\\Gov_Reg\\govreg_core', 'C:\\Users\\richg\\Gov_Reg\\govreg_core', 'C:\\Users\\richg\\Gov_Reg\\govreg_core', 'C:\\Users\\richg\\Gov_Reg\\govreg_core']&gt;, '__version__')</failure></testcase><testcase classname="tests.integration.test_planning_flow.TestPlanningFlowIntegration" name="test_canonical_hash_available" time="0.001"><failure message="ImportError: cannot import name 'hash_canonical_data' from 'govreg_core' (unknown location)">tests\integration\test_planning_flow.py:30: in test_canonical_hash_available
    from govreg_core import hash_canonical_data, hash_file_content
E   ImportError: cannot import name 'hash_canonical_data' from 'govreg_core' (unknown location)</failure></testcase><testcase classname="tests.integration.test_planning_flow.TestPlanningFlowIntegration" name="test_feature_flags_available" time="0.002"><failure message="ImportError: cannot import name 'FeatureFlags' from 'govreg_core' (unknown location)">tests\integration\test_planning_flow.py:40: in test_feature_flags_available
    from govreg_core import FeatureFlags, MigrationPhase, get_feature_flags
E   ImportError: cannot import name 'FeatureFlags' from 'govreg_core' (unknown location)</failure></testcase><testcase classname="tests.integration.test_planning_flow.TestPlanningFlowIntegration" name="test_core_modules_accessible" time="0.001"><failure message="AttributeError: module 'govreg_core' has no attribute '__version__'">tests\integration\test_planning_flow.py:49: in test_core_modules_accessible
    assert govreg_core.__version__ is not None
           ^^^^^^^^^^^^^^^^^^^^^^^
E   AttributeError: module 'govreg_core' has no attribute '__version__'</failure></testcase><testcase classname="tests.integration.test_planning_flow.TestPlanningFlowEndToEnd" name="test_planning_integration_points" time="0.001" /><testcase classname="tests.integration.test_registry_operations.TestRegistryOperationsIntegration" name="test_core_package_available" time="0.001" /><testcase classname="tests.integration.test_registry_operations.TestRegistryOperationsIntegration" name="test_hash_functions_available" time="0.001"><failure message="ImportError: cannot import name 'hash_canonical_data' from 'govreg_core' (unknown location)">tests\integration\test_registry_operations.py:30: in test_hash_functions_available
    from govreg_core import hash_canonical_data, hash_file_content
E   ImportError: cannot import name 'hash_canonical_data' from 'govreg_core' (unknown location)</failure></testcase><testcase classname="tests.integration.test_registry_operations.TestRegistryOperationsIntegration" name="test_feature_flags_available" time="0.001"><failure message="ImportError: cannot import name 'get_feature_flags' from 'govreg_core' (unknown location)">tests\integration\test_registry_operations.py:36: in test_feature_flags_available
    from govreg_core import get_feature_flags, MigrationPhase
E   ImportError: cannot import name 'get_feature_flags' from 'govreg_core' (unknown location)</failure></testcase><testcase classname="tests.integration.test_registry_operations.TestRegistryValidation" name="test_registry_files_exist" time="0.001" /><testcase classname="tests.integration.test_registry_operations.TestRegistryValidation" name="test_canonical_hash_functional" time="0.001"><failure message="ImportError: cannot import name 'hash_canonical_data' from 'govreg_core' (unknown location)">tests\integration\test_registry_operations.py:56: in test_canonical_hash_functional
    from govreg_core import hash_canonical_data
E   ImportError: cannot import name 'hash_canonical_data' from 'govreg_core' (unknown location)</failure></testcase></testsuite></testsuites>