<?xml version="1.0" encoding="utf-8" standalone="no"?>
<test-results xmlns:xsi="http://www.w3.org/2001/XMLSchema-instance" xsi:noNamespaceSchemaLocation="nunit_schema_2.5.xsd" name="Pester" total="7" errors="0" failures="0" not-run="0" inconclusive="0" ignored="0" skipped="0" invalid="0" date="2025-11-16" time="11:25:51">
  <environment nunit-version="2.5.8.0" user="richg" machine-name="HPROBOOK450" platform="Microsoft Windows 11 Pro|C:\WINDOWS|\Device\Harddisk0\Partition3" clr-version="" os-version="10.0.26200" cwd="C:\Users\richg\ALL_AI\.AIM_ai-tools-registry" user-domain="HPROBOOK450" />
  <culture-info current-culture="en-US" current-uiculture="en-US" />
  <test-suite type="Powershell" name="Pester" executed="True" result="Success" success="True" time="9.1424" asserts="0">
    <results>
      <test-suite type="TestFixture" name="AIM adapters smoke" executed="True" result="Success" success="True" time="7.8236" asserts="0" description="AIM adapters smoke">
        <results>
          <test-case description="aider adapter handles version" name="AIM adapters smoke.aider adapter handles version" time="2.3871" asserts="0" success="True" result="Success" executed="True" />
          <test-case description="jules adapter handles version" name="AIM adapters smoke.jules adapter handles version" time="4.1562" asserts="0" success="True" result="Success" executed="True" />
          <test-case description="claude-cli adapter handles version" name="AIM adapters smoke.claude-cli adapter handles version" time="1.2802" asserts="0" success="True" result="Success" executed="True" />
        </results>
      </test-suite>
      <test-suite type="TestFixture" name="AIM contract fixtures" executed="True" result="Success" success="True" time="0.0316" asserts="0" description="AIM contract fixtures">
        <results>
          <test-case description="have sample registry fixture files" name="AIM contract fixtures.have sample registry fixture files" time="0.0316" asserts="0" success="True" result="Success" executed="True" />
        </results>
      </test-suite>
      <test-suite type="TestFixture" name="AIM routing rules" executed="True" result="Success" success="True" time="0.035" asserts="0" description="AIM routing rules">
        <results>
          <test-case description="loads code_generation routing from rules file" name="AIM routing rules.loads code_generation routing from rules file" time="0.035" asserts="0" success="True" result="Success" executed="True" />
        </results>
      </test-suite>
      <test-suite type="TestFixture" name="AIM_ai-steward CLI" executed="True" result="Success" success="True" time="1.1079" asserts="0" description="AIM_ai-steward CLI">
        <results>
          <test-case description="prints help" name="AIM_ai-steward CLI.prints help" time="1.1079" asserts="0" success="True" result="Success" executed="True" />
        </results>
      </test-suite>
      <test-suite type="TestFixture" name="AIM_AIToolsRegistry module" executed="True" result="Success" success="True" time="0.1443" asserts="0" description="AIM_AIToolsRegistry module">
        <results>
          <test-case description="exports expected functions" name="AIM_AIToolsRegistry module.exports expected functions" time="0.1443" asserts="0" success="True" result="Success" executed="True" />
        </results>
      </test-suite>
    </results>
  </test-suite>
</test-results>