<?xml version="1.0" encoding="utf-8"?><testsuites name="pytest tests"><testsuite name="pytest" errors="0" failures="0" skipped="0" tests="4" time="0.298" timestamp="2026-01-28T11:12:06.828328-06:00" hostname="HPROBOOK450"><testcase classname="tests.test_control_coverage_gate" name="test_missing_satisfying_gate" time="0.158" /><testcase classname="tests.test_control_coverage_gate" name="test_missing_evidence_mapping" time="0.033" /><testcase classname="tests.test_control_coverage_gate" name="test_nondeterministic_path" time="0.034" /><testcase classname="tests.test_control_coverage_gate" name="test_all_controls_satisfied" time="0.037" /></testsuite></testsuites>