<?xml version="1.0" encoding="utf-8"?><testsuites name="pytest tests"><testsuite name="pytest" errors="0" failures="0" skipped="0" tests="21" time="0.363" timestamp="2026-01-28T12:47:09.749421-06:00" hostname="HPROBOOK450"><testcase classname="tests.test_control_coverage_gate" name="test_missing_satisfying_gate" time="0.037" /><testcase classname="tests.test_control_coverage_gate" name="test_missing_evidence_mapping" time="0.010" /><testcase classname="tests.test_control_coverage_gate" name="test_nondeterministic_path" time="0.011" /><testcase classname="tests.test_control_coverage_gate" name="test_all_controls_satisfied" time="0.011" /><testcase classname="tests.test_evidence_path_determinism" name="test_path_formula_determinism" time="0.001" /><testcase classname="tests.test_evidence_path_determinism" name="test_sanitization_applied" time="0.001" /><testcase classname="tests.test_evidence_path_determinism" name="test_required_reports_have_deterministic_paths" time="0.001" /><testcase classname="tests.test_validate_command_spec" name="test_check_command_field_string_command" time="0.000" /><testcase classname="tests.test_validate_command_spec" name="test_check_command_field_structured_command" time="0.000" /><testcase classname="tests.test_validate_command_spec" name="test_check_command_field_incomplete_command" time="0.000" /><testcase classname="tests.test_validate_command_spec" name="test_check_command_field_invalid_args_type" time="0.000" /><testcase classname="tests.test_validate_command_spec" name="test_check_command_field_nested" time="0.001" /><testcase classname="tests.test_validate_command_spec" name="test_validate_section_file_valid" time="0.004" /><testcase classname="tests.test_validate_command_spec" name="test_validate_section_file_violations" time="0.005" /><testcase classname="tests.test_validate_command_spec" name="test_validate_section_file_invalid_json" time="0.005" /><testcase classname="tests.test_validate_sec_021" name="test_valid_sec_021" time="0.007" /><testcase classname="tests.test_validate_sec_021" name="test_duplicate_control_ids" time="0.006" /><testcase classname="tests.test_validate_sec_021" name="test_missing_required_fields" time="0.005" /><testcase classname="tests.test_validate_sec_021" name="test_invalid_json" time="0.005" /><testcase classname="tests.test_validate_sec_021" name="test_evidence_paths_deterministic" time="0.016" /><testcase classname="tests.test_validate_sec_021" name="test_empty_controls_array" time="0.016" /></testsuite></testsuites>