<?xml version="1.0" encoding="utf-8"?><testsuites name="pytest tests"><testsuite name="pytest" errors="0" failures="0" skipped="0" tests="26" time="1.108" timestamp="2026-01-30T07:56:06.481800-06:00" hostname="HPROBOOK450"><testcase classname="tests.test_state_machine" name="test_load_contract_yaml" time="0.031" /><testcase classname="tests.test_state_machine" name="test_planned_to_present_happy" time="0.027" /><testcase classname="tests.test_state_machine" name="test_blocked_missing_condition" time="0.027" /><testcase classname="tests.test_state_machine" name="test_skip_rejected" time="0.027" /><testcase classname="tests.test_state_machine" name="test_quarantine_escape" time="0.029" /><testcase classname="tests.test_state_machine" name="test_available_transitions" time="0.030" /><testcase classname="tests.test_identity_resolver" name="test_exact_path" time="0.001" /><testcase classname="tests.test_identity_resolver" name="test_rename_intent" time="0.001" /><testcase classname="tests.test_identity_resolver" name="test_strong_identity" time="0.002" /><testcase classname="tests.test_identity_resolver" name="test_no_match_orphaned" time="0.002" /><testcase classname="tests.test_identity_resolver" name="test_multi_match_conflict" time="0.001" /><testcase classname="tests.test_identity_resolver" name="test_batch_resolution" time="0.001" /><testcase classname="tests.test_field_precedence" name="test_immutable_conflict" time="0.001" /><testcase classname="tests.test_field_precedence" name="test_authoritative_overwrites" time="0.001" /><testcase classname="tests.test_field_precedence" name="test_inferred_preserved_with_warning" time="0.003" /><testcase classname="tests.test_field_precedence" name="test_split_authoritative_vs_inferred" time="0.001" /><testcase classname="tests.test_registry_writer" name="test_atomic_write_backup" time="0.080" /><testcase classname="tests.test_registry_writer" name="test_policy_violation_rejected" time="0.005" /><testcase classname="tests.test_registry_writer" name="test_batch_apply" time="0.064" /><testcase classname="tests.test_gates" name="test_completeness_pass" time="0.005" /><testcase classname="tests.test_gates" name="test_completeness_fail" time="0.005" /><testcase classname="tests.test_gates" name="test_validity_pass" time="0.006" /><testcase classname="tests.test_gates" name="test_validity_fail" time="0.005" /><testcase classname="tests.test_transition_integration" name="test_full_batch_flow" time="0.090" /><testcase classname="tests.test_transition_integration" name="test_conflict_resolution_flow" time="0.045" /><testcase classname="tests.test_transition_integration" name="test_waiver_mechanism" time="0.006" /></testsuite></testsuites>