<?xml version="1.0" encoding="utf-8"?><testsuites name="pytest tests"><testsuite name="pytest" errors="0" failures="0" skipped="0" tests="3" time="0.055" timestamp="2026-01-28T11:05:23.636137-06:00" hostname="HPROBOOK450"><testcase classname="tests.test_evidence_path_determinism" name="test_path_formula_determinism" time="0.010" /><testcase classname="tests.test_evidence_path_determinism" name="test_sanitization_applied" time="0.001" /><testcase classname="tests.test_evidence_path_determinism" name="test_required_reports_have_deterministic_paths" time="0.001" /></testsuite></testsuites>